\BOOKMARK [1][-]{section.1}{\376\377\000I\000N\000T\000R\000O\000D\000U\000C\000T\000I\000O\000N}{}% 1
\BOOKMARK [1][-]{section.2}{\376\377\000P\000R\000O\000B\000L\000E\000M\000\040\000F\000O\000R\000M\000U\000L\000A\000T\000I\000O\000N}{}% 2
\BOOKMARK [2][-]{subsection.2.1}{\376\377\000M\000U\000L\000T\000I\000D\000I\000S\000C\000I\000P\000L\000I\000N\000A\000R\000Y\000\040\000D\000E\000S\000I\000G\000N\000\040\000O\000P\000T\000I\000M\000I\000Z\000A\000T\000I\000O\000N\000\040\000F\000R\000A\000M\000E\000W\000O\000R\000K}{section.2}% 3
\BOOKMARK [2][-]{subsection.2.2}{\376\377\000D\000E\000S\000I\000G\000N\000\040\000S\000P\000A\000C\000E}{section.2}% 4
\BOOKMARK [2][-]{subsection.2.3}{\376\377\000P\000A\000R\000A\000M\000E\000T\000E\000R\000S\000\040\000A\000N\000D\000\040\000C\000O\000N\000S\000T\000R\000A\000I\000N\000T\000S}{section.2}% 5
\BOOKMARK [2][-]{subsection.2.4}{\376\377\000O\000P\000T\000I\000M\000I\000Z\000A\000T\000I\000O\000N\000\040\000A\000L\000G\000O\000R\000I\000T\000H\000M}{section.2}% 6
\BOOKMARK [1][-]{section.3}{\376\377\000S\000Y\000S\000T\000E\000M\000\040\000M\000O\000D\000E\000L\000I\000N\000G}{}% 7
\BOOKMARK [2][-]{subsection.3.1}{\376\377\000D\000E\000S\000A\000L\000I\000N\000A\000T\000I\000O\000N\000\040\000M\000O\000D\000U\000L\000E}{section.3}% 8
\BOOKMARK [2][-]{subsection.3.2}{\376\377\000H\000Y\000D\000R\000O\000D\000Y\000N\000A\000M\000I\000C\000S}{section.3}% 9
\BOOKMARK [2][-]{subsection.3.3}{\376\377\000S\000Y\000S\000T\000E\000M\000\040\000D\000Y\000N\000A\000M\000I\000C\000S}{section.3}% 10
\BOOKMARK [3][-]{subsubsection.3.3.1}{\376\377\000W\000a\000v\000e\000\040\000E\000n\000e\000r\000g\000y\000\040\000C\000o\000n\000v\000e\000r\000t\000e\000r}{subsection.3.3}% 11
\BOOKMARK [3][-]{figure.caption.7}{\376\377\000P\000o\000w\000e\000r\000\040\000T\000a\000k\000e\000-\000O\000f\000f}{subsection.3.3}% 12
\BOOKMARK [3][-]{subsubsection.3.3.3}{\376\377\000C\000o\000u\000p\000l\000e\000d\000\040\000S\000o\000l\000v\000e\000r}{subsection.3.3}% 13
\BOOKMARK [2][-]{subsection.3.4}{\376\377\000E\000C\000O\000N\000O\000M\000I\000C\000S}{section.3}% 14
\BOOKMARK [3][-]{subsubsection.3.4.1}{\376\377\000W\000a\000v\000e\000\040\000E\000n\000e\000r\000g\000y\000\040\000C\000o\000n\000v\000e\000r\000t\000e\000r}{subsection.3.4}% 15
\BOOKMARK [3][-]{subsubsection.3.4.2}{\376\377\000P\000o\000w\000e\000r\000\040\000T\000a\000k\000e\000-\000O\000f\000f}{subsection.3.4}% 16
\BOOKMARK [3][-]{subsubsection.3.4.3}{\376\377\000D\000e\000s\000a\000l\000i\000n\000a\000t\000i\000o\000n\000\040\000P\000l\000a\000n\000t}{subsection.3.4}% 17
\BOOKMARK [1][-]{section.4}{\376\377\000O\000P\000T\000I\000M\000I\000Z\000A\000T\000I\000O\000N\000\040\000R\000E\000S\000U\000L\000T\000S}{}% 18
\BOOKMARK [1][-]{section.5}{\376\377\000D\000I\000S\000C\000U\000S\000S\000I\000O\000N}{}% 19
\BOOKMARK [1][-]{section.6}{\376\377\000C\000O\000N\000C\000L\000U\000S\000I\000O\000N}{}% 20
\BOOKMARK [1][-]{appendix.A}{\376\377\000T\000A\000B\000L\000E\000S\000\040\000O\000F\000\040\000P\000A\000R\000A\000M\000E\000T\000E\000R\000S}{}% 21
